TranslationUnitDecl 0x563176572d18 <<invalid sloc>> <invalid sloc>
|-TypedefDecl 0x5631765735a0 <<invalid sloc>> <invalid sloc> implicit __int128_t '__int128'
| `-BuiltinType 0x5631765732e0 '__int128'
|-TypedefDecl 0x563176573610 <<invalid sloc>> <invalid sloc> implicit __uint128_t 'unsigned __int128'
| `-BuiltinType 0x563176573300 'unsigned __int128'
|-TypedefDecl 0x563176573918 <<invalid sloc>> <invalid sloc> implicit __NSConstantString 'struct __NSConstantString_tag'
| `-RecordType 0x5631765736f0 'struct __NSConstantString_tag'
|   `-Record 0x563176573668 '__NSConstantString_tag'
|-TypedefDecl 0x5631765739b0 <<invalid sloc>> <invalid sloc> implicit __builtin_ms_va_list 'char *'
| `-PointerType 0x563176573970 'char *'
|   `-BuiltinType 0x563176572dc0 'char'
|-TypedefDecl 0x563176573ca8 <<invalid sloc>> <invalid sloc> implicit __builtin_va_list 'struct __va_list_tag[1]'
| `-ConstantArrayType 0x563176573c50 'struct __va_list_tag[1]' 1 
|   `-RecordType 0x563176573a90 'struct __va_list_tag'
|     `-Record 0x563176573a08 '__va_list_tag'
`-FunctionDecl 0x5631765d2648 <taskwithdeps.c:15:1, line:35:1> line:15:6 compute 'void (int, double *, double *)'
  |-ParmVarDecl 0x5631765d2430 <col:14, col:18> col:18 used N 'int'
  |-ParmVarDecl 0x5631765d24e0 <col:21, col:29> col:29 used A 'double *'
  |-ParmVarDecl 0x5631765d2560 <col:32, col:40> col:40 used B 'double *'
  |-CompoundStmt 0x5631765daf18 <col:43, line:35:1>
  | `-OMPParallelDirective 0x5631765daed0 <line:16:3, col:23>
  |   `-CapturedStmt 0x5631765dada0 <line:17:3, line:34:3>
  |     |-CapturedDecl 0x5631765d2848 <<invalid sloc>> <invalid sloc> nothrow
  |     | |-CompoundStmt 0x5631765dabe0 <line:17:3, line:34:3>
  |     | | `-OMPSingleDirective 0x5631765daba8 <line:18:5, col:23>
  |     | |   `-CapturedStmt 0x5631765daa78 <line:19:5, line:33:5>
  |     | |     |-CapturedDecl 0x5631765d2b18 <<invalid sloc>> <invalid sloc>
  |     | |     | |-CompoundStmt 0x5631765da8b8 <line:19:5, line:33:5>
  |     | |     | | `-ForStmt 0x5631765da880 <line:20:7, line:32:7>
  |     | |     | |   |-DeclStmt 0x5631765d2cb0 <line:20:12, col:21>
  |     | |     | |   | `-VarDecl 0x5631765d2c28 <col:12, col:20> col:16 used i 'int' cinit
  |     | |     | |   |   `-IntegerLiteral 0x5631765d2c90 <col:20> 'int' 0
  |     | |     | |   |-<<<NULL>>>
  |     | |     | |   |-BinaryOperator 0x5631765d2d68 <col:23, col:27> 'int' '<'
  |     | |     | |   | |-ImplicitCastExpr 0x5631765d2d38 <col:23> 'int' <LValueToRValue>
  |     | |     | |   | | `-DeclRefExpr 0x5631765d2cc8 <col:23> 'int' lvalue Var 0x5631765d2c28 'i' 'int'
  |     | |     | |   | `-ImplicitCastExpr 0x5631765d2d50 <col:27> 'int' <LValueToRValue>
  |     | |     | |   |   `-DeclRefExpr 0x5631765d2d18 <col:27> 'int' lvalue ParmVar 0x5631765d2430 'N' 'int' refers_to_enclosing_variable_or_capture
  |     | |     | |   |-UnaryOperator 0x5631765d2da8 <col:30, col:31> 'int' postfix '++'
  |     | |     | |   | `-DeclRefExpr 0x5631765d2d88 <col:30> 'int' lvalue Var 0x5631765d2c28 'i' 'int'
  |     | |     | |   `-CompoundStmt 0x5631765da858 <col:35, line:32:7>
  |     | |     | |     |-OMPTaskDirective 0x5631765d5f90 <line:22:9, col:44>
  |     | |     | |     | |-OMPDependClause 0x5631765d2e90 <col:26, col:43>
  |     | |     | |     | | `-ArraySubscriptExpr 0x5631765d2e58 <col:39, col:42> 'double' lvalue
  |     | |     | |     | |   |-ImplicitCastExpr 0x5631765d2e28 <col:39> 'double *' <LValueToRValue>
  |     | |     | |     | |   | `-DeclRefExpr 0x5631765d2de8 <col:39> 'double *' lvalue ParmVar 0x5631765d24e0 'A' 'double *' refers_to_enclosing_variable_or_capture
  |     | |     | |     | |   `-ImplicitCastExpr 0x5631765d2e40 <col:41> 'int' <LValueToRValue>
  |     | |     | |     | |     `-DeclRefExpr 0x5631765d2e08 <col:41> 'int' lvalue Var 0x5631765d2c28 'i' 'int'
  |     | |     | |     | |-OMPFirstprivateClause 0x5631765d5f50 <<invalid sloc>> <implicit>
  |     | |     | |     | | `-DeclRefExpr 0x5631765d5b80 <line:23:13> 'int' lvalue Var 0x5631765d2c28 'i' 'int' refers_to_enclosing_variable_or_capture
  |     | |     | |     | `-CapturedStmt 0x5631765d5d58 <col:11, col:22>
  |     | |     | |     |   |-CapturedDecl 0x5631765d30a8 <<invalid sloc>> <invalid sloc> nothrow
  |     | |     | |     |   | |-BinaryOperator 0x5631765d5c80 <col:11, col:22> 'double' '='
  |     | |     | |     |   | | |-ArraySubscriptExpr 0x5631765d5bd0 <col:11, col:14> 'double' lvalue
  |     | |     | |     |   | | | |-ImplicitCastExpr 0x5631765d5ba0 <col:11> 'double *' <LValueToRValue>
  |     | |     | |     |   | | | | `-DeclRefExpr 0x5631765d5b60 <col:11> 'double *' lvalue ParmVar 0x5631765d24e0 'A' 'double *' refers_to_enclosing_variable_or_capture
  |     | |     | |     |   | | | `-ImplicitCastExpr 0x5631765d5bb8 <col:13> 'int' <LValueToRValue>
  |     | |     | |     |   | | |   `-DeclRefExpr 0x5631765d5b80 <col:13> 'int' lvalue Var 0x5631765d2c28 'i' 'int' refers_to_enclosing_variable_or_capture
  |     | |     | |     |   | | `-BinaryOperator 0x5631765d5c60 <col:18, col:22> 'double' '*'
  |     | |     | |     |   | |   |-ImplicitCastExpr 0x5631765d5c48 <col:18> 'double' <IntegralToFloating>
  |     | |     | |     |   | |   | `-ImplicitCastExpr 0x5631765d5c30 <col:18> 'int' <LValueToRValue>
  |     | |     | |     |   | |   |   `-DeclRefExpr 0x5631765d5bf0 <col:18> 'int' lvalue Var 0x5631765d2c28 'i' 'int' refers_to_enclosing_variable_or_capture
  |     | |     | |     |   | |   `-FloatingLiteral 0x5631765d5c10 <col:22> 'double' 1.000000e+00
  |     | |     | |     |   | |-AlwaysInlineAttr 0x5631765d5b08 <<invalid sloc>> Implicit __forceinline
  |     | |     | |     |   | |-ImplicitParamDecl 0x5631765d3130 <line:22:9> col:9 implicit .global_tid. 'const int'
  |     | |     | |     |   | |-ImplicitParamDecl 0x5631765d3198 <col:9> col:9 implicit .part_id. 'const int *const restrict'
  |     | |     | |     |   | |-ImplicitParamDecl 0x5631765d3200 <col:9> col:9 implicit .privates. 'void *const restrict'
  |     | |     | |     |   | |-ImplicitParamDecl 0x5631765d3268 <col:9> col:9 implicit .copy_fn. 'void (*const restrict)(void *const restrict, ...)'
  |     | |     | |     |   | |-ImplicitParamDecl 0x5631765d32d0 <col:9> col:9 implicit .task_t. 'void *const'
  |     | |     | |     |   | `-ImplicitParamDecl 0x5631765d5aa0 <col:9> col:9 implicit __context 'struct (unnamed at taskwithdeps.c:22:9) *const restrict'
  |     | |     | |     |   `-DeclRefExpr 0x5631765d5cc8 <line:23:11> 'double *' lvalue ParmVar 0x5631765d24e0 'A' 'double *' refers_to_enclosing_variable_or_capture
  |     | |     | |     |-OMPTaskwaitDirective 0x5631765d5fe0 <line:26:9, col:29> openmp_standalone_directive
  |     | |     | |     `-OMPTaskDirective 0x5631765da800 <line:29:9, col:72>
  |     | |     | |       |-OMPDependClause 0x5631765d61a0 <col:26, col:52>
  |     | |     | |       | |-ArraySubscriptExpr 0x5631765d6080 <col:38, col:41> 'double' lvalue
  |     | |     | |       | | |-ImplicitCastExpr 0x5631765d6050 <col:38> 'double *' <LValueToRValue>
  |     | |     | |       | | | `-DeclRefExpr 0x5631765d6010 <col:38> 'double *' lvalue ParmVar 0x5631765d24e0 'A' 'double *' refers_to_enclosing_variable_or_capture
  |     | |     | |       | | `-ImplicitCastExpr 0x5631765d6068 <col:40> 'int' <LValueToRValue>
  |     | |     | |       | |   `-DeclRefExpr 0x5631765d6030 <col:40> 'int' lvalue Var 0x5631765d2c28 'i' 'int'
  |     | |     | |       | `-ArraySubscriptExpr 0x5631765d6150 <col:44, col:51> 'double' lvalue
  |     | |     | |       |   |-ImplicitCastExpr 0x5631765d6138 <col:44> 'double *' <LValueToRValue>
  |     | |     | |       |   | `-DeclRefExpr 0x5631765d60a0 <col:44> 'double *' lvalue ParmVar 0x5631765d24e0 'A' 'double *' refers_to_enclosing_variable_or_capture
  |     | |     | |       |   `-BinaryOperator 0x5631765d6118 <col:46, col:50> 'int' '-'
  |     | |     | |       |     |-ImplicitCastExpr 0x5631765d6100 <col:46> 'int' <LValueToRValue>
  |     | |     | |       |     | `-DeclRefExpr 0x5631765d60c0 <col:46> 'int' lvalue Var 0x5631765d2c28 'i' 'int'
  |     | |     | |       |     `-IntegerLiteral 0x5631765d60e0 <col:50> 'int' 1
  |     | |     | |       |-OMPDependClause 0x5631765d6288 <col:54, col:71>
  |     | |     | |       | `-ArraySubscriptExpr 0x5631765d6250 <col:67, col:70> 'double' lvalue
  |     | |     | |       |   |-ImplicitCastExpr 0x5631765d6220 <col:67> 'double *' <LValueToRValue>
  |     | |     | |       |   | `-DeclRefExpr 0x5631765d61e0 <col:67> 'double *' lvalue ParmVar 0x5631765d2560 'B' 'double *' refers_to_enclosing_variable_or_capture
  |     | |     | |       |   `-ImplicitCastExpr 0x5631765d6238 <col:69> 'int' <LValueToRValue>
  |     | |     | |       |     `-DeclRefExpr 0x5631765d6200 <col:69> 'int' lvalue Var 0x5631765d2c28 'i' 'int'
  |     | |     | |       |-OMPFirstprivateClause 0x5631765da7c0 <<invalid sloc>> <implicit>
  |     | |     | |       | `-DeclRefExpr 0x5631765d6758 <line:30:13> 'int' lvalue Var 0x5631765d2c28 'i' 'int' refers_to_enclosing_variable_or_capture
  |     | |     | |       `-CapturedStmt 0x5631765da5b0 <col:11, col:46>
  |     | |     | |         |-CapturedDecl 0x5631765d63b8 <<invalid sloc>> <invalid sloc> nothrow
  |     | |     | |         | |-BinaryOperator 0x5631765d6a78 <col:11, col:46> 'double' '='
  |     | |     | |         | | |-ArraySubscriptExpr 0x5631765d67a8 <col:11, col:14> 'double' lvalue
  |     | |     | |         | | | |-ImplicitCastExpr 0x5631765d6778 <col:11> 'double *' <LValueToRValue>
  |     | |     | |         | | | | `-DeclRefExpr 0x5631765d6738 <col:11> 'double *' lvalue ParmVar 0x5631765d2560 'B' 'double *' refers_to_enclosing_variable_or_capture
  |     | |     | |         | | | `-ImplicitCastExpr 0x5631765d6790 <col:13> 'int' <LValueToRValue>
  |     | |     | |         | | |   `-DeclRefExpr 0x5631765d6758 <col:13> 'int' lvalue Var 0x5631765d2c28 'i' 'int' refers_to_enclosing_variable_or_capture
  |     | |     | |         | | `-BinaryOperator 0x5631765d6a58 <col:18, col:46> 'double' '+'
  |     | |     | |         | |   |-ImplicitCastExpr 0x5631765d6a40 <col:18, col:21> 'double' <LValueToRValue>
  |     | |     | |         | |   | `-ArraySubscriptExpr 0x5631765d6838 <col:18, col:21> 'double' lvalue
  |     | |     | |         | |   |   |-ImplicitCastExpr 0x5631765d6808 <col:18> 'double *' <LValueToRValue>
  |     | |     | |         | |   |   | `-DeclRefExpr 0x5631765d67c8 <col:18> 'double *' lvalue ParmVar 0x5631765d24e0 'A' 'double *' refers_to_enclosing_variable_or_capture
  |     | |     | |         | |   |   `-ImplicitCastExpr 0x5631765d6820 <col:20> 'int' <LValueToRValue>
  |     | |     | |         | |   |     `-DeclRefExpr 0x5631765d67e8 <col:20> 'int' lvalue Var 0x5631765d2c28 'i' 'int' refers_to_enclosing_variable_or_capture
  |     | |     | |         | |   `-ParenExpr 0x5631765d6a20 <col:25, col:46> 'double'
  |     | |     | |         | |     `-ConditionalOperator 0x5631765d69f0 <col:26, col:45> 'double'
  |     | |     | |         | |       |-BinaryOperator 0x5631765d68b0 <col:26, col:30> 'int' '>'
  |     | |     | |         | |       | |-ImplicitCastExpr 0x5631765d6898 <col:26> 'int' <LValueToRValue>
  |     | |     | |         | |       | | `-DeclRefExpr 0x5631765d6858 <col:26> 'int' lvalue Var 0x5631765d2c28 'i' 'int' refers_to_enclosing_variable_or_capture
  |     | |     | |         | |       | `-IntegerLiteral 0x5631765d6878 <col:30> 'int' 0
  |     | |     | |         | |       |-ImplicitCastExpr 0x5631765d69c0 <col:34, col:41> 'double' <LValueToRValue>
  |     | |     | |         | |       | `-ArraySubscriptExpr 0x5631765d6980 <col:34, col:41> 'double' lvalue
  |     | |     | |         | |       |   |-ImplicitCastExpr 0x5631765d6968 <col:34> 'double *' <LValueToRValue>
  |     | |     | |         | |       |   | `-DeclRefExpr 0x5631765d68d0 <col:34> 'double *' lvalue ParmVar 0x5631765d24e0 'A' 'double *' refers_to_enclosing_variable_or_capture
  |     | |     | |         | |       |   `-BinaryOperator 0x5631765d6948 <col:36, col:40> 'int' '-'
  |     | |     | |         | |       |     |-ImplicitCastExpr 0x5631765d6930 <col:36> 'int' <LValueToRValue>
  |     | |     | |         | |       |     | `-DeclRefExpr 0x5631765d68f0 <col:36> 'int' lvalue Var 0x5631765d2c28 'i' 'int' refers_to_enclosing_variable_or_capture
  |     | |     | |         | |       |     `-IntegerLiteral 0x5631765d6910 <col:40> 'int' 1
  |     | |     | |         | |       `-ImplicitCastExpr 0x5631765d69d8 <col:45> 'double' <IntegralToFloating>
  |     | |     | |         | |         `-IntegerLiteral 0x5631765d69a0 <col:45> 'int' 0
  |     | |     | |         | |-AlwaysInlineAttr 0x5631765d66e0 <<invalid sloc>> Implicit __forceinline
  |     | |     | |         | |-ImplicitParamDecl 0x5631765d6440 <line:29:9> col:9 implicit .global_tid. 'const int'
  |     | |     | |         | |-ImplicitParamDecl 0x5631765d64a8 <col:9> col:9 implicit .part_id. 'const int *const restrict'
  |     | |     | |         | |-ImplicitParamDecl 0x5631765d6510 <col:9> col:9 implicit .privates. 'void *const restrict'
  |     | |     | |         | |-ImplicitParamDecl 0x5631765d6578 <col:9> col:9 implicit .copy_fn. 'void (*const restrict)(void *const restrict, ...)'
  |     | |     | |         | |-ImplicitParamDecl 0x5631765d65e0 <col:9> col:9 implicit .task_t. 'void *const'
  |     | |     | |         | `-ImplicitParamDecl 0x5631765d6678 <col:9> col:9 implicit __context 'struct (unnamed at taskwithdeps.c:29:9) *const restrict'
  |     | |     | |         |-DeclRefExpr 0x5631765da490 <line:30:11> 'double *' lvalue ParmVar 0x5631765d2560 'B' 'double *' refers_to_enclosing_variable_or_capture
  |     | |     | |         `-DeclRefExpr 0x5631765da520 <col:18> 'double *' lvalue ParmVar 0x5631765d24e0 'A' 'double *' refers_to_enclosing_variable_or_capture
  |     | |     | |-ImplicitParamDecl 0x5631765d2ba8 <line:18:5> col:5 implicit __context 'struct (unnamed at taskwithdeps.c:18:5) *const restrict'
  |     | |     | |-VarDecl 0x5631765d2c28 <line:20:12, col:20> col:16 used i 'int' cinit
  |     | |     | | `-IntegerLiteral 0x5631765d2c90 <col:20> 'int' 0
  |     | |     | |-RecordDecl 0x5631765d2fa8 <line:22:9> col:9 implicit struct definition
  |     | |     | | |-CapturedRecordAttr 0x5631765d3050 <<invalid sloc>> Implicit
  |     | |     | | `-FieldDecl 0x5631765d5d08 <line:23:11> col:11 implicit 'double *&'
  |     | |     | |-CapturedDecl 0x5631765d30a8 <<invalid sloc>> <invalid sloc> nothrow
  |     | |     | | |-BinaryOperator 0x5631765d5c80 <col:11, col:22> 'double' '='
  |     | |     | | | |-ArraySubscriptExpr 0x5631765d5bd0 <col:11, col:14> 'double' lvalue
  |     | |     | | | | |-ImplicitCastExpr 0x5631765d5ba0 <col:11> 'double *' <LValueToRValue>
  |     | |     | | | | | `-DeclRefExpr 0x5631765d5b60 <col:11> 'double *' lvalue ParmVar 0x5631765d24e0 'A' 'double *' refers_to_enclosing_variable_or_capture
  |     | |     | | | | `-ImplicitCastExpr 0x5631765d5bb8 <col:13> 'int' <LValueToRValue>
  |     | |     | | | |   `-DeclRefExpr 0x5631765d5b80 <col:13> 'int' lvalue Var 0x5631765d2c28 'i' 'int' refers_to_enclosing_variable_or_capture
  |     | |     | | | `-BinaryOperator 0x5631765d5c60 <col:18, col:22> 'double' '*'
  |     | |     | | |   |-ImplicitCastExpr 0x5631765d5c48 <col:18> 'double' <IntegralToFloating>
  |     | |     | | |   | `-ImplicitCastExpr 0x5631765d5c30 <col:18> 'int' <LValueToRValue>
  |     | |     | | |   |   `-DeclRefExpr 0x5631765d5bf0 <col:18> 'int' lvalue Var 0x5631765d2c28 'i' 'int' refers_to_enclosing_variable_or_capture
  |     | |     | | |   `-FloatingLiteral 0x5631765d5c10 <col:22> 'double' 1.000000e+00
  |     | |     | | |-AlwaysInlineAttr 0x5631765d5b08 <<invalid sloc>> Implicit __forceinline
  |     | |     | | |-ImplicitParamDecl 0x5631765d3130 <line:22:9> col:9 implicit .global_tid. 'const int'
  |     | |     | | |-ImplicitParamDecl 0x5631765d3198 <col:9> col:9 implicit .part_id. 'const int *const restrict'
  |     | |     | | |-ImplicitParamDecl 0x5631765d3200 <col:9> col:9 implicit .privates. 'void *const restrict'
  |     | |     | | |-ImplicitParamDecl 0x5631765d3268 <col:9> col:9 implicit .copy_fn. 'void (*const restrict)(void *const restrict, ...)'
  |     | |     | | |-ImplicitParamDecl 0x5631765d32d0 <col:9> col:9 implicit .task_t. 'void *const'
  |     | |     | | `-ImplicitParamDecl 0x5631765d5aa0 <col:9> col:9 implicit __context 'struct (unnamed at taskwithdeps.c:22:9) *const restrict'
  |     | |     | |-VarDecl 0x5631765d5db0 <col:9, line:23:13> line:22:9 implicit used i 'int' cinit
  |     | |     | | |-ImplicitCastExpr 0x5631765d5f18 <line:23:13> 'int' <LValueToRValue>
  |     | |     | | | `-DeclRefExpr 0x5631765d5ef8 <col:13> 'int' lvalue Var 0x5631765d5e90 '.firstprivate.temp' 'int'
  |     | |     | | `-OMPReferencedVarAttr 0x5631765d5e18 <<invalid sloc>> Implicit
  |     | |     | |   `-DeclRefExpr 0x5631765d5b80 <col:13> 'int' lvalue Var 0x5631765d2c28 'i' 'int' refers_to_enclosing_variable_or_capture
  |     | |     | |-RecordDecl 0x5631765d62c0 <line:29:9> col:9 implicit struct definition
  |     | |     | | |-CapturedRecordAttr 0x5631765d6360 <<invalid sloc>> Implicit
  |     | |     | | |-FieldDecl 0x5631765da4d0 <line:30:11> col:11 implicit 'double *&'
  |     | |     | | `-FieldDecl 0x5631765da560 <col:18> col:18 implicit 'double *&'
  |     | |     | |-CapturedDecl 0x5631765d63b8 <<invalid sloc>> <invalid sloc> nothrow
  |     | |     | | |-BinaryOperator 0x5631765d6a78 <col:11, col:46> 'double' '='
  |     | |     | | | |-ArraySubscriptExpr 0x5631765d67a8 <col:11, col:14> 'double' lvalue
  |     | |     | | | | |-ImplicitCastExpr 0x5631765d6778 <col:11> 'double *' <LValueToRValue>
  |     | |     | | | | | `-DeclRefExpr 0x5631765d6738 <col:11> 'double *' lvalue ParmVar 0x5631765d2560 'B' 'double *' refers_to_enclosing_variable_or_capture
  |     | |     | | | | `-ImplicitCastExpr 0x5631765d6790 <col:13> 'int' <LValueToRValue>
  |     | |     | | | |   `-DeclRefExpr 0x5631765d6758 <col:13> 'int' lvalue Var 0x5631765d2c28 'i' 'int' refers_to_enclosing_variable_or_capture
  |     | |     | | | `-BinaryOperator 0x5631765d6a58 <col:18, col:46> 'double' '+'
  |     | |     | | |   |-ImplicitCastExpr 0x5631765d6a40 <col:18, col:21> 'double' <LValueToRValue>
  |     | |     | | |   | `-ArraySubscriptExpr 0x5631765d6838 <col:18, col:21> 'double' lvalue
  |     | |     | | |   |   |-ImplicitCastExpr 0x5631765d6808 <col:18> 'double *' <LValueToRValue>
  |     | |     | | |   |   | `-DeclRefExpr 0x5631765d67c8 <col:18> 'double *' lvalue ParmVar 0x5631765d24e0 'A' 'double *' refers_to_enclosing_variable_or_capture
  |     | |     | | |   |   `-ImplicitCastExpr 0x5631765d6820 <col:20> 'int' <LValueToRValue>
  |     | |     | | |   |     `-DeclRefExpr 0x5631765d67e8 <col:20> 'int' lvalue Var 0x5631765d2c28 'i' 'int' refers_to_enclosing_variable_or_capture
  |     | |     | | |   `-ParenExpr 0x5631765d6a20 <col:25, col:46> 'double'
  |     | |     | | |     `-ConditionalOperator 0x5631765d69f0 <col:26, col:45> 'double'
  |     | |     | | |       |-BinaryOperator 0x5631765d68b0 <col:26, col:30> 'int' '>'
  |     | |     | | |       | |-ImplicitCastExpr 0x5631765d6898 <col:26> 'int' <LValueToRValue>
  |     | |     | | |       | | `-DeclRefExpr 0x5631765d6858 <col:26> 'int' lvalue Var 0x5631765d2c28 'i' 'int' refers_to_enclosing_variable_or_capture
  |     | |     | | |       | `-IntegerLiteral 0x5631765d6878 <col:30> 'int' 0
  |     | |     | | |       |-ImplicitCastExpr 0x5631765d69c0 <col:34, col:41> 'double' <LValueToRValue>
  |     | |     | | |       | `-ArraySubscriptExpr 0x5631765d6980 <col:34, col:41> 'double' lvalue
  |     | |     | | |       |   |-ImplicitCastExpr 0x5631765d6968 <col:34> 'double *' <LValueToRValue>
  |     | |     | | |       |   | `-DeclRefExpr 0x5631765d68d0 <col:34> 'double *' lvalue ParmVar 0x5631765d24e0 'A' 'double *' refers_to_enclosing_variable_or_capture
  |     | |     | | |       |   `-BinaryOperator 0x5631765d6948 <col:36, col:40> 'int' '-'
  |     | |     | | |       |     |-ImplicitCastExpr 0x5631765d6930 <col:36> 'int' <LValueToRValue>
  |     | |     | | |       |     | `-DeclRefExpr 0x5631765d68f0 <col:36> 'int' lvalue Var 0x5631765d2c28 'i' 'int' refers_to_enclosing_variable_or_capture
  |     | |     | | |       |     `-IntegerLiteral 0x5631765d6910 <col:40> 'int' 1
  |     | |     | | |       `-ImplicitCastExpr 0x5631765d69d8 <col:45> 'double' <IntegralToFloating>
  |     | |     | | |         `-IntegerLiteral 0x5631765d69a0 <col:45> 'int' 0
  |     | |     | | |-AlwaysInlineAttr 0x5631765d66e0 <<invalid sloc>> Implicit __forceinline
  |     | |     | | |-ImplicitParamDecl 0x5631765d6440 <line:29:9> col:9 implicit .global_tid. 'const int'
  |     | |     | | |-ImplicitParamDecl 0x5631765d64a8 <col:9> col:9 implicit .part_id. 'const int *const restrict'
  |     | |     | | |-ImplicitParamDecl 0x5631765d6510 <col:9> col:9 implicit .privates. 'void *const restrict'
  |     | |     | | |-ImplicitParamDecl 0x5631765d6578 <col:9> col:9 implicit .copy_fn. 'void (*const restrict)(void *const restrict, ...)'
  |     | |     | | |-ImplicitParamDecl 0x5631765d65e0 <col:9> col:9 implicit .task_t. 'void *const'
  |     | |     | | `-ImplicitParamDecl 0x5631765d6678 <col:9> col:9 implicit __context 'struct (unnamed at taskwithdeps.c:29:9) *const restrict'
  |     | |     | `-VarDecl 0x5631765da620 <col:9, line:30:13> line:29:9 implicit used i 'int' cinit
  |     | |     |   |-ImplicitCastExpr 0x5631765da788 <line:30:13> 'int' <LValueToRValue>
  |     | |     |   | `-DeclRefExpr 0x5631765da768 <col:13> 'int' lvalue Var 0x5631765da700 '.firstprivate.temp' 'int'
  |     | |     |   `-OMPReferencedVarAttr 0x5631765da688 <<invalid sloc>> Implicit
  |     | |     |     `-DeclRefExpr 0x5631765d6758 <col:13> 'int' lvalue Var 0x5631765d2c28 'i' 'int' refers_to_enclosing_variable_or_capture
  |     | |     |-DeclRefExpr 0x5631765da8d0 <line:20:27> 'int' lvalue ParmVar 0x5631765d2430 'N' 'int' refers_to_enclosing_variable_or_capture
  |     | |     |-DeclRefExpr 0x5631765da958 <line:22:39> 'double *' lvalue ParmVar 0x5631765d24e0 'A' 'double *' refers_to_enclosing_variable_or_capture
  |     | |     `-DeclRefExpr 0x5631765da9e8 <line:29:67> 'double *' lvalue ParmVar 0x5631765d2560 'B' 'double *' refers_to_enclosing_variable_or_capture
  |     | |-ImplicitParamDecl 0x5631765d28b8 <line:16:3> col:3 implicit .global_tid. 'const int *const restrict'
  |     | |-ImplicitParamDecl 0x5631765d2920 <col:3> col:3 implicit .bound_tid. 'const int *const restrict'
  |     | |-ImplicitParamDecl 0x5631765d29b8 <col:3> col:3 implicit __context 'struct (unnamed at taskwithdeps.c:16:3) *const restrict'
  |     | |-RecordDecl 0x5631765d2a20 <line:18:5> col:5 implicit struct definition
  |     | | |-CapturedRecordAttr 0x5631765d2ac0 <<invalid sloc>> Implicit
  |     | | |-FieldDecl 0x5631765da908 <line:20:27> col:27 implicit 'int &'
  |     | | |-FieldDecl 0x5631765da998 <line:22:39> col:39 implicit 'double *&'
  |     | | `-FieldDecl 0x5631765daa28 <line:29:67> col:67 implicit 'double *&'
  |     | `-CapturedDecl 0x5631765d2b18 <<invalid sloc>> <invalid sloc>
  |     |   |-CompoundStmt 0x5631765da8b8 <line:19:5, line:33:5>
  |     |   | `-ForStmt 0x5631765da880 <line:20:7, line:32:7>
  |     |   |   |-DeclStmt 0x5631765d2cb0 <line:20:12, col:21>
  |     |   |   | `-VarDecl 0x5631765d2c28 <col:12, col:20> col:16 used i 'int' cinit
  |     |   |   |   `-IntegerLiteral 0x5631765d2c90 <col:20> 'int' 0
  |     |   |   |-<<<NULL>>>
  |     |   |   |-BinaryOperator 0x5631765d2d68 <col:23, col:27> 'int' '<'
  |     |   |   | |-ImplicitCastExpr 0x5631765d2d38 <col:23> 'int' <LValueToRValue>
  |     |   |   | | `-DeclRefExpr 0x5631765d2cc8 <col:23> 'int' lvalue Var 0x5631765d2c28 'i' 'int'
  |     |   |   | `-ImplicitCastExpr 0x5631765d2d50 <col:27> 'int' <LValueToRValue>
  |     |   |   |   `-DeclRefExpr 0x5631765d2d18 <col:27> 'int' lvalue ParmVar 0x5631765d2430 'N' 'int' refers_to_enclosing_variable_or_capture
  |     |   |   |-UnaryOperator 0x5631765d2da8 <col:30, col:31> 'int' postfix '++'
  |     |   |   | `-DeclRefExpr 0x5631765d2d88 <col:30> 'int' lvalue Var 0x5631765d2c28 'i' 'int'
  |     |   |   `-CompoundStmt 0x5631765da858 <col:35, line:32:7>
  |     |   |     |-OMPTaskDirective 0x5631765d5f90 <line:22:9, col:44>
  |     |   |     | |-OMPDependClause 0x5631765d2e90 <col:26, col:43>
  |     |   |     | | `-ArraySubscriptExpr 0x5631765d2e58 <col:39, col:42> 'double' lvalue
  |     |   |     | |   |-ImplicitCastExpr 0x5631765d2e28 <col:39> 'double *' <LValueToRValue>
  |     |   |     | |   | `-DeclRefExpr 0x5631765d2de8 <col:39> 'double *' lvalue ParmVar 0x5631765d24e0 'A' 'double *' refers_to_enclosing_variable_or_capture
  |     |   |     | |   `-ImplicitCastExpr 0x5631765d2e40 <col:41> 'int' <LValueToRValue>
  |     |   |     | |     `-DeclRefExpr 0x5631765d2e08 <col:41> 'int' lvalue Var 0x5631765d2c28 'i' 'int'
  |     |   |     | |-OMPFirstprivateClause 0x5631765d5f50 <<invalid sloc>> <implicit>
  |     |   |     | | `-DeclRefExpr 0x5631765d5b80 <line:23:13> 'int' lvalue Var 0x5631765d2c28 'i' 'int' refers_to_enclosing_variable_or_capture
  |     |   |     | `-CapturedStmt 0x5631765d5d58 <col:11, col:22>
  |     |   |     |   |-CapturedDecl 0x5631765d30a8 <<invalid sloc>> <invalid sloc> nothrow
  |     |   |     |   | |-BinaryOperator 0x5631765d5c80 <col:11, col:22> 'double' '='
  |     |   |     |   | | |-ArraySubscriptExpr 0x5631765d5bd0 <col:11, col:14> 'double' lvalue
  |     |   |     |   | | | |-ImplicitCastExpr 0x5631765d5ba0 <col:11> 'double *' <LValueToRValue>
  |     |   |     |   | | | | `-DeclRefExpr 0x5631765d5b60 <col:11> 'double *' lvalue ParmVar 0x5631765d24e0 'A' 'double *' refers_to_enclosing_variable_or_capture
  |     |   |     |   | | | `-ImplicitCastExpr 0x5631765d5bb8 <col:13> 'int' <LValueToRValue>
  |     |   |     |   | | |   `-DeclRefExpr 0x5631765d5b80 <col:13> 'int' lvalue Var 0x5631765d2c28 'i' 'int' refers_to_enclosing_variable_or_capture
  |     |   |     |   | | `-BinaryOperator 0x5631765d5c60 <col:18, col:22> 'double' '*'
  |     |   |     |   | |   |-ImplicitCastExpr 0x5631765d5c48 <col:18> 'double' <IntegralToFloating>
  |     |   |     |   | |   | `-ImplicitCastExpr 0x5631765d5c30 <col:18> 'int' <LValueToRValue>
  |     |   |     |   | |   |   `-DeclRefExpr 0x5631765d5bf0 <col:18> 'int' lvalue Var 0x5631765d2c28 'i' 'int' refers_to_enclosing_variable_or_capture
  |     |   |     |   | |   `-FloatingLiteral 0x5631765d5c10 <col:22> 'double' 1.000000e+00
  |     |   |     |   | |-AlwaysInlineAttr 0x5631765d5b08 <<invalid sloc>> Implicit __forceinline
  |     |   |     |   | |-ImplicitParamDecl 0x5631765d3130 <line:22:9> col:9 implicit .global_tid. 'const int'
  |     |   |     |   | |-ImplicitParamDecl 0x5631765d3198 <col:9> col:9 implicit .part_id. 'const int *const restrict'
  |     |   |     |   | |-ImplicitParamDecl 0x5631765d3200 <col:9> col:9 implicit .privates. 'void *const restrict'
  |     |   |     |   | |-ImplicitParamDecl 0x5631765d3268 <col:9> col:9 implicit .copy_fn. 'void (*const restrict)(void *const restrict, ...)'
  |     |   |     |   | |-ImplicitParamDecl 0x5631765d32d0 <col:9> col:9 implicit .task_t. 'void *const'
  |     |   |     |   | `-ImplicitParamDecl 0x5631765d5aa0 <col:9> col:9 implicit __context 'struct (unnamed at taskwithdeps.c:22:9) *const restrict'
  |     |   |     |   `-DeclRefExpr 0x5631765d5cc8 <line:23:11> 'double *' lvalue ParmVar 0x5631765d24e0 'A' 'double *' refers_to_enclosing_variable_or_capture
  |     |   |     |-OMPTaskwaitDirective 0x5631765d5fe0 <line:26:9, col:29> openmp_standalone_directive
  |     |   |     `-OMPTaskDirective 0x5631765da800 <line:29:9, col:72>
  |     |   |       |-OMPDependClause 0x5631765d61a0 <col:26, col:52>
  |     |   |       | |-ArraySubscriptExpr 0x5631765d6080 <col:38, col:41> 'double' lvalue
  |     |   |       | | |-ImplicitCastExpr 0x5631765d6050 <col:38> 'double *' <LValueToRValue>
  |     |   |       | | | `-DeclRefExpr 0x5631765d6010 <col:38> 'double *' lvalue ParmVar 0x5631765d24e0 'A' 'double *' refers_to_enclosing_variable_or_capture
  |     |   |       | | `-ImplicitCastExpr 0x5631765d6068 <col:40> 'int' <LValueToRValue>
  |     |   |       | |   `-DeclRefExpr 0x5631765d6030 <col:40> 'int' lvalue Var 0x5631765d2c28 'i' 'int'
  |     |   |       | `-ArraySubscriptExpr 0x5631765d6150 <col:44, col:51> 'double' lvalue
  |     |   |       |   |-ImplicitCastExpr 0x5631765d6138 <col:44> 'double *' <LValueToRValue>
  |     |   |       |   | `-DeclRefExpr 0x5631765d60a0 <col:44> 'double *' lvalue ParmVar 0x5631765d24e0 'A' 'double *' refers_to_enclosing_variable_or_capture
  |     |   |       |   `-BinaryOperator 0x5631765d6118 <col:46, col:50> 'int' '-'
  |     |   |       |     |-ImplicitCastExpr 0x5631765d6100 <col:46> 'int' <LValueToRValue>
  |     |   |       |     | `-DeclRefExpr 0x5631765d60c0 <col:46> 'int' lvalue Var 0x5631765d2c28 'i' 'int'
  |     |   |       |     `-IntegerLiteral 0x5631765d60e0 <col:50> 'int' 1
  |     |   |       |-OMPDependClause 0x5631765d6288 <col:54, col:71>
  |     |   |       | `-ArraySubscriptExpr 0x5631765d6250 <col:67, col:70> 'double' lvalue
  |     |   |       |   |-ImplicitCastExpr 0x5631765d6220 <col:67> 'double *' <LValueToRValue>
  |     |   |       |   | `-DeclRefExpr 0x5631765d61e0 <col:67> 'double *' lvalue ParmVar 0x5631765d2560 'B' 'double *' refers_to_enclosing_variable_or_capture
  |     |   |       |   `-ImplicitCastExpr 0x5631765d6238 <col:69> 'int' <LValueToRValue>
  |     |   |       |     `-DeclRefExpr 0x5631765d6200 <col:69> 'int' lvalue Var 0x5631765d2c28 'i' 'int'
  |     |   |       |-OMPFirstprivateClause 0x5631765da7c0 <<invalid sloc>> <implicit>
  |     |   |       | `-DeclRefExpr 0x5631765d6758 <line:30:13> 'int' lvalue Var 0x5631765d2c28 'i' 'int' refers_to_enclosing_variable_or_capture
  |     |   |       `-CapturedStmt 0x5631765da5b0 <col:11, col:46>
  |     |   |         |-CapturedDecl 0x5631765d63b8 <<invalid sloc>> <invalid sloc> nothrow
  |     |   |         | |-BinaryOperator 0x5631765d6a78 <col:11, col:46> 'double' '='
  |     |   |         | | |-ArraySubscriptExpr 0x5631765d67a8 <col:11, col:14> 'double' lvalue
  |     |   |         | | | |-ImplicitCastExpr 0x5631765d6778 <col:11> 'double *' <LValueToRValue>
  |     |   |         | | | | `-DeclRefExpr 0x5631765d6738 <col:11> 'double *' lvalue ParmVar 0x5631765d2560 'B' 'double *' refers_to_enclosing_variable_or_capture
  |     |   |         | | | `-ImplicitCastExpr 0x5631765d6790 <col:13> 'int' <LValueToRValue>
  |     |   |         | | |   `-DeclRefExpr 0x5631765d6758 <col:13> 'int' lvalue Var 0x5631765d2c28 'i' 'int' refers_to_enclosing_variable_or_capture
  |     |   |         | | `-BinaryOperator 0x5631765d6a58 <col:18, col:46> 'double' '+'
  |     |   |         | |   |-ImplicitCastExpr 0x5631765d6a40 <col:18, col:21> 'double' <LValueToRValue>
  |     |   |         | |   | `-ArraySubscriptExpr 0x5631765d6838 <col:18, col:21> 'double' lvalue
  |     |   |         | |   |   |-ImplicitCastExpr 0x5631765d6808 <col:18> 'double *' <LValueToRValue>
  |     |   |         | |   |   | `-DeclRefExpr 0x5631765d67c8 <col:18> 'double *' lvalue ParmVar 0x5631765d24e0 'A' 'double *' refers_to_enclosing_variable_or_capture
  |     |   |         | |   |   `-ImplicitCastExpr 0x5631765d6820 <col:20> 'int' <LValueToRValue>
  |     |   |         | |   |     `-DeclRefExpr 0x5631765d67e8 <col:20> 'int' lvalue Var 0x5631765d2c28 'i' 'int' refers_to_enclosing_variable_or_capture
  |     |   |         | |   `-ParenExpr 0x5631765d6a20 <col:25, col:46> 'double'
  |     |   |         | |     `-ConditionalOperator 0x5631765d69f0 <col:26, col:45> 'double'
  |     |   |         | |       |-BinaryOperator 0x5631765d68b0 <col:26, col:30> 'int' '>'
  |     |   |         | |       | |-ImplicitCastExpr 0x5631765d6898 <col:26> 'int' <LValueToRValue>
  |     |   |         | |       | | `-DeclRefExpr 0x5631765d6858 <col:26> 'int' lvalue Var 0x5631765d2c28 'i' 'int' refers_to_enclosing_variable_or_capture
  |     |   |         | |       | `-IntegerLiteral 0x5631765d6878 <col:30> 'int' 0
  |     |   |         | |       |-ImplicitCastExpr 0x5631765d69c0 <col:34, col:41> 'double' <LValueToRValue>
  |     |   |         | |       | `-ArraySubscriptExpr 0x5631765d6980 <col:34, col:41> 'double' lvalue
  |     |   |         | |       |   |-ImplicitCastExpr 0x5631765d6968 <col:34> 'double *' <LValueToRValue>
  |     |   |         | |       |   | `-DeclRefExpr 0x5631765d68d0 <col:34> 'double *' lvalue ParmVar 0x5631765d24e0 'A' 'double *' refers_to_enclosing_variable_or_capture
  |     |   |         | |       |   `-BinaryOperator 0x5631765d6948 <col:36, col:40> 'int' '-'
  |     |   |         | |       |     |-ImplicitCastExpr 0x5631765d6930 <col:36> 'int' <LValueToRValue>
  |     |   |         | |       |     | `-DeclRefExpr 0x5631765d68f0 <col:36> 'int' lvalue Var 0x5631765d2c28 'i' 'int' refers_to_enclosing_variable_or_capture
  |     |   |         | |       |     `-IntegerLiteral 0x5631765d6910 <col:40> 'int' 1
  |     |   |         | |       `-ImplicitCastExpr 0x5631765d69d8 <col:45> 'double' <IntegralToFloating>
  |     |   |         | |         `-IntegerLiteral 0x5631765d69a0 <col:45> 'int' 0
  |     |   |         | |-AlwaysInlineAttr 0x5631765d66e0 <<invalid sloc>> Implicit __forceinline
  |     |   |         | |-ImplicitParamDecl 0x5631765d6440 <line:29:9> col:9 implicit .global_tid. 'const int'
  |     |   |         | |-ImplicitParamDecl 0x5631765d64a8 <col:9> col:9 implicit .part_id. 'const int *const restrict'
  |     |   |         | |-ImplicitParamDecl 0x5631765d6510 <col:9> col:9 implicit .privates. 'void *const restrict'
  |     |   |         | |-ImplicitParamDecl 0x5631765d6578 <col:9> col:9 implicit .copy_fn. 'void (*const restrict)(void *const restrict, ...)'
  |     |   |         | |-ImplicitParamDecl 0x5631765d65e0 <col:9> col:9 implicit .task_t. 'void *const'
  |     |   |         | `-ImplicitParamDecl 0x5631765d6678 <col:9> col:9 implicit __context 'struct (unnamed at taskwithdeps.c:29:9) *const restrict'
  |     |   |         |-DeclRefExpr 0x5631765da490 <line:30:11> 'double *' lvalue ParmVar 0x5631765d2560 'B' 'double *' refers_to_enclosing_variable_or_capture
  |     |   |         `-DeclRefExpr 0x5631765da520 <col:18> 'double *' lvalue ParmVar 0x5631765d24e0 'A' 'double *' refers_to_enclosing_variable_or_capture
  |     |   |-ImplicitParamDecl 0x5631765d2ba8 <line:18:5> col:5 implicit __context 'struct (unnamed at taskwithdeps.c:18:5) *const restrict'
  |     |   |-VarDecl 0x5631765d2c28 <line:20:12, col:20> col:16 used i 'int' cinit
  |     |   | `-IntegerLiteral 0x5631765d2c90 <col:20> 'int' 0
  |     |   |-RecordDecl 0x5631765d2fa8 <line:22:9> col:9 implicit struct definition
  |     |   | |-CapturedRecordAttr 0x5631765d3050 <<invalid sloc>> Implicit
  |     |   | `-FieldDecl 0x5631765d5d08 <line:23:11> col:11 implicit 'double *&'
  |     |   |-CapturedDecl 0x5631765d30a8 <<invalid sloc>> <invalid sloc> nothrow
  |     |   | |-BinaryOperator 0x5631765d5c80 <col:11, col:22> 'double' '='
  |     |   | | |-ArraySubscriptExpr 0x5631765d5bd0 <col:11, col:14> 'double' lvalue
  |     |   | | | |-ImplicitCastExpr 0x5631765d5ba0 <col:11> 'double *' <LValueToRValue>
  |     |   | | | | `-DeclRefExpr 0x5631765d5b60 <col:11> 'double *' lvalue ParmVar 0x5631765d24e0 'A' 'double *' refers_to_enclosing_variable_or_capture
  |     |   | | | `-ImplicitCastExpr 0x5631765d5bb8 <col:13> 'int' <LValueToRValue>
  |     |   | | |   `-DeclRefExpr 0x5631765d5b80 <col:13> 'int' lvalue Var 0x5631765d2c28 'i' 'int' refers_to_enclosing_variable_or_capture
  |     |   | | `-BinaryOperator 0x5631765d5c60 <col:18, col:22> 'double' '*'
  |     |   | |   |-ImplicitCastExpr 0x5631765d5c48 <col:18> 'double' <IntegralToFloating>
  |     |   | |   | `-ImplicitCastExpr 0x5631765d5c30 <col:18> 'int' <LValueToRValue>
  |     |   | |   |   `-DeclRefExpr 0x5631765d5bf0 <col:18> 'int' lvalue Var 0x5631765d2c28 'i' 'int' refers_to_enclosing_variable_or_capture
  |     |   | |   `-FloatingLiteral 0x5631765d5c10 <col:22> 'double' 1.000000e+00
  |     |   | |-AlwaysInlineAttr 0x5631765d5b08 <<invalid sloc>> Implicit __forceinline
  |     |   | |-ImplicitParamDecl 0x5631765d3130 <line:22:9> col:9 implicit .global_tid. 'const int'
  |     |   | |-ImplicitParamDecl 0x5631765d3198 <col:9> col:9 implicit .part_id. 'const int *const restrict'
  |     |   | |-ImplicitParamDecl 0x5631765d3200 <col:9> col:9 implicit .privates. 'void *const restrict'
  |     |   | |-ImplicitParamDecl 0x5631765d3268 <col:9> col:9 implicit .copy_fn. 'void (*const restrict)(void *const restrict, ...)'
  |     |   | |-ImplicitParamDecl 0x5631765d32d0 <col:9> col:9 implicit .task_t. 'void *const'
  |     |   | `-ImplicitParamDecl 0x5631765d5aa0 <col:9> col:9 implicit __context 'struct (unnamed at taskwithdeps.c:22:9) *const restrict'
  |     |   |-VarDecl 0x5631765d5db0 <col:9, line:23:13> line:22:9 implicit used i 'int' cinit
  |     |   | |-ImplicitCastExpr 0x5631765d5f18 <line:23:13> 'int' <LValueToRValue>
  |     |   | | `-DeclRefExpr 0x5631765d5ef8 <col:13> 'int' lvalue Var 0x5631765d5e90 '.firstprivate.temp' 'int'
  |     |   | `-OMPReferencedVarAttr 0x5631765d5e18 <<invalid sloc>> Implicit
  |     |   |   `-DeclRefExpr 0x5631765d5b80 <col:13> 'int' lvalue Var 0x5631765d2c28 'i' 'int' refers_to_enclosing_variable_or_capture
  |     |   |-RecordDecl 0x5631765d62c0 <line:29:9> col:9 implicit struct definition
  |     |   | |-CapturedRecordAttr 0x5631765d6360 <<invalid sloc>> Implicit
  |     |   | |-FieldDecl 0x5631765da4d0 <line:30:11> col:11 implicit 'double *&'
  |     |   | `-FieldDecl 0x5631765da560 <col:18> col:18 implicit 'double *&'
  |     |   |-CapturedDecl 0x5631765d63b8 <<invalid sloc>> <invalid sloc> nothrow
  |     |   | |-BinaryOperator 0x5631765d6a78 <col:11, col:46> 'double' '='
  |     |   | | |-ArraySubscriptExpr 0x5631765d67a8 <col:11, col:14> 'double' lvalue
  |     |   | | | |-ImplicitCastExpr 0x5631765d6778 <col:11> 'double *' <LValueToRValue>
  |     |   | | | | `-DeclRefExpr 0x5631765d6738 <col:11> 'double *' lvalue ParmVar 0x5631765d2560 'B' 'double *' refers_to_enclosing_variable_or_capture
  |     |   | | | `-ImplicitCastExpr 0x5631765d6790 <col:13> 'int' <LValueToRValue>
  |     |   | | |   `-DeclRefExpr 0x5631765d6758 <col:13> 'int' lvalue Var 0x5631765d2c28 'i' 'int' refers_to_enclosing_variable_or_capture
  |     |   | | `-BinaryOperator 0x5631765d6a58 <col:18, col:46> 'double' '+'
  |     |   | |   |-ImplicitCastExpr 0x5631765d6a40 <col:18, col:21> 'double' <LValueToRValue>
  |     |   | |   | `-ArraySubscriptExpr 0x5631765d6838 <col:18, col:21> 'double' lvalue
  |     |   | |   |   |-ImplicitCastExpr 0x5631765d6808 <col:18> 'double *' <LValueToRValue>
  |     |   | |   |   | `-DeclRefExpr 0x5631765d67c8 <col:18> 'double *' lvalue ParmVar 0x5631765d24e0 'A' 'double *' refers_to_enclosing_variable_or_capture
  |     |   | |   |   `-ImplicitCastExpr 0x5631765d6820 <col:20> 'int' <LValueToRValue>
  |     |   | |   |     `-DeclRefExpr 0x5631765d67e8 <col:20> 'int' lvalue Var 0x5631765d2c28 'i' 'int' refers_to_enclosing_variable_or_capture
  |     |   | |   `-ParenExpr 0x5631765d6a20 <col:25, col:46> 'double'
  |     |   | |     `-ConditionalOperator 0x5631765d69f0 <col:26, col:45> 'double'
  |     |   | |       |-BinaryOperator 0x5631765d68b0 <col:26, col:30> 'int' '>'
  |     |   | |       | |-ImplicitCastExpr 0x5631765d6898 <col:26> 'int' <LValueToRValue>
  |     |   | |       | | `-DeclRefExpr 0x5631765d6858 <col:26> 'int' lvalue Var 0x5631765d2c28 'i' 'int' refers_to_enclosing_variable_or_capture
  |     |   | |       | `-IntegerLiteral 0x5631765d6878 <col:30> 'int' 0
  |     |   | |       |-ImplicitCastExpr 0x5631765d69c0 <col:34, col:41> 'double' <LValueToRValue>
  |     |   | |       | `-ArraySubscriptExpr 0x5631765d6980 <col:34, col:41> 'double' lvalue
  |     |   | |       |   |-ImplicitCastExpr 0x5631765d6968 <col:34> 'double *' <LValueToRValue>
  |     |   | |       |   | `-DeclRefExpr 0x5631765d68d0 <col:34> 'double *' lvalue ParmVar 0x5631765d24e0 'A' 'double *' refers_to_enclosing_variable_or_capture
  |     |   | |       |   `-BinaryOperator 0x5631765d6948 <col:36, col:40> 'int' '-'
  |     |   | |       |     |-ImplicitCastExpr 0x5631765d6930 <col:36> 'int' <LValueToRValue>
  |     |   | |       |     | `-DeclRefExpr 0x5631765d68f0 <col:36> 'int' lvalue Var 0x5631765d2c28 'i' 'int' refers_to_enclosing_variable_or_capture
  |     |   | |       |     `-IntegerLiteral 0x5631765d6910 <col:40> 'int' 1
  |     |   | |       `-ImplicitCastExpr 0x5631765d69d8 <col:45> 'double' <IntegralToFloating>
  |     |   | |         `-IntegerLiteral 0x5631765d69a0 <col:45> 'int' 0
  |     |   | |-AlwaysInlineAttr 0x5631765d66e0 <<invalid sloc>> Implicit __forceinline
  |     |   | |-ImplicitParamDecl 0x5631765d6440 <line:29:9> col:9 implicit .global_tid. 'const int'
  |     |   | |-ImplicitParamDecl 0x5631765d64a8 <col:9> col:9 implicit .part_id. 'const int *const restrict'
  |     |   | |-ImplicitParamDecl 0x5631765d6510 <col:9> col:9 implicit .privates. 'void *const restrict'
  |     |   | |-ImplicitParamDecl 0x5631765d6578 <col:9> col:9 implicit .copy_fn. 'void (*const restrict)(void *const restrict, ...)'
  |     |   | |-ImplicitParamDecl 0x5631765d65e0 <col:9> col:9 implicit .task_t. 'void *const'
  |     |   | `-ImplicitParamDecl 0x5631765d6678 <col:9> col:9 implicit __context 'struct (unnamed at taskwithdeps.c:29:9) *const restrict'
  |     |   `-VarDecl 0x5631765da620 <col:9, line:30:13> line:29:9 implicit used i 'int' cinit
  |     |     |-ImplicitCastExpr 0x5631765da788 <line:30:13> 'int' <LValueToRValue>
  |     |     | `-DeclRefExpr 0x5631765da768 <col:13> 'int' lvalue Var 0x5631765da700 '.firstprivate.temp' 'int'
  |     |     `-OMPReferencedVarAttr 0x5631765da688 <<invalid sloc>> Implicit
  |     |       `-DeclRefExpr 0x5631765d6758 <col:13> 'int' lvalue Var 0x5631765d2c28 'i' 'int' refers_to_enclosing_variable_or_capture
  |     |-DeclRefExpr 0x5631765dabf8 <line:20:27> 'int' lvalue ParmVar 0x5631765d2430 'N' 'int'
  |     |-DeclRefExpr 0x5631765dac80 <line:22:39> 'double *' lvalue ParmVar 0x5631765d24e0 'A' 'double *'
  |     `-DeclRefExpr 0x5631765dad10 <line:29:67> 'double *' lvalue ParmVar 0x5631765d2560 'B' 'double *'
  `-FullComment 0x5631765db090 <line:12:4, line:13:109>
    `-ParagraphComment 0x5631765db060 <line:12:4, line:13:109>
      |-TextComment 0x5631765daf70 <line:12:4, col:76> Text=" cgeist taskwithdeps.c -fopenmp -S  -I/usr/include --raise-scf-to-affine "
      |-TextComment 0x5631765daf90 <col:77> Text="&"
      |-TextComment 0x5631765dafb0 <col:78, col:97> Text="> output1affine.mlir"
      |-TextComment 0x5631765dafd0 <line:13:4, col:92> Text=" polygeist-opt outputaffine.mlir --cse --affine-cfg --affine-scalrep --polygeist-mem2reg "
      |-TextComment 0x5631765daff0 <col:93> Text="&"
      `-TextComment 0x5631765db010 <col:94, col:109> Text="> optimized.mlir"
/usr/bin/ld: cannot find -lomp: No such file or directory
clang: error: linker command failed with exit code 1 (use -v to see invocation)
